2025-07-18 14:12:41,896 - __main__ - INFO - Configuration loaded successfully
2025-07-18 14:12:41,897 - services - INFO - Service container initialized
2025-07-18 14:12:41,897 - cache - INFO - Cache directory created/verified: cache_data
2025-07-18 14:12:41,898 - cache - INFO - Loaded 0 cache entries from cache_data\leaderboards.json
2025-07-18 14:12:41,898 - monitoring - INFO - Health check system initialized
2025-07-18 14:12:41,898 - monitoring - INFO - Monitoring system initialized
2025-07-18 14:12:41,996 - cog.rolereact - INFO - Initialisation de RoleReact Cog
2025-07-18 14:12:41,996 - cog.rolereact - INFO - Cog RoleReact chargÈ avec succËs
2025-07-18 14:12:42,017 - cog.config - INFO - Config cog initialized
2025-07-18 14:12:42,050 - discord.client - INFO - logging in using static token
2025-07-18 14:12:43,216 - __main__ - INFO - Database connected successfully
2025-07-18 14:12:45,038 - __main__ - INFO - Database tables initialized
2025-07-18 14:12:45,110 - __main__ - INFO - Language preferences loaded from database
2025-07-18 14:12:45,111 - monitoring - INFO - Health monitoring started with 60s interval
2025-07-18 14:12:45,111 - __main__ - INFO - Health monitoring started
2025-07-18 14:12:47,210 - discord.gateway - INFO - Shard ID None has connected to Gateway (Session ID: 5273252b427975eef4d54390b159c0c3).
2025-07-18 14:12:49,225 - __main__ - INFO - Bot is ready as Maybee#4948
2025-07-18 14:12:49,225 - __main__ - INFO - Connected to 3 server(s):
2025-07-18 14:12:49,225 - __main__ - INFO -   - Emojis (ID: 1160917499936772217)
2025-07-18 14:12:49,228 - __main__ - INFO -   - OuiOui (ID: 1392463988679508030)
2025-07-18 14:12:49,228 - __main__ - INFO - Cache system initialized
2025-07-18 14:12:49,228 - __main__ - INFO - Commands in tree before sync: 34
2025-07-18 14:12:49,228 - __main__ - INFO - Starting global command sync...
2025-07-18 14:12:49,229 - cog.rolereact - INFO - [DB] Chargement des rÈactions de rÙles depuis la base de donnÈes...
2025-07-18 14:12:49,539 - cog.rolereact - INFO - [DB] 10 configurations chargÈes.
2025-07-18 14:12:49,598 - __main__ - INFO - 34 commands synced globally
2025-07-18 14:12:49,600 - __main__ - INFO - Commands will be available in all servers within a few minutes
2025-07-18 14:12:49,600 - __main__ - INFO - Bot startup completed successfully
2025-07-18 14:16:37,974 - __main__ - INFO - Configuration loaded successfully
2025-07-18 14:16:37,975 - services - INFO - Service container initialized
2025-07-18 14:16:37,975 - cache - INFO - Cache directory created/verified: cache_data
2025-07-18 14:16:37,975 - cache - INFO - Loaded 0 cache entries from cache_data\leaderboards.json
2025-07-18 14:16:37,975 - monitoring - INFO - Health check system initialized
2025-07-18 14:16:37,975 - monitoring - INFO - Monitoring system initialized
2025-07-18 14:16:37,991 - cog.rolereact - INFO - Initialisation de RoleReact Cog
2025-07-18 14:16:37,991 - cog.rolereact - INFO - Cog RoleReact charg√© avec succ√®s
2025-07-18 14:16:37,994 - cog.config - INFO - Config cog initialized
2025-07-18 14:16:37,997 - discord.client - INFO - logging in using static token
2025-07-18 14:16:38,963 - __main__ - INFO - Database connected successfully
2025-07-18 14:16:41,050 - __main__ - INFO - Database tables initialized
2025-07-18 14:16:41,050 - __main__ - INFO - Language preferences loaded from database
2025-07-18 14:16:41,050 - monitoring - INFO - Health monitoring started with 60s interval
2025-07-18 14:16:41,050 - __main__ - INFO - Health monitoring started
2025-07-18 14:16:42,544 - discord.gateway - INFO - Shard ID None has connected to Gateway (Session ID: 79a7de87b45fdceea6caec24f688ac1c).
2025-07-18 14:16:44,573 - __main__ - INFO - Bot is ready as Maybee#4948
2025-07-18 14:16:44,573 - __main__ - INFO - Connected to 3 server(s):
2025-07-18 14:16:44,573 - __main__ - INFO -   - Emojis (ID: 1160917499936772217)
2025-07-18 14:16:44,573 - __main__ - INFO -   - L'Aquarium ? (ID: 1223343817264992317)
2025-07-18 14:16:44,573 - __main__ - INFO -   - OuiOui (ID: 1392463988679508030)
2025-07-18 14:16:44,573 - __main__ - INFO - Cache system initialized
2025-07-18 14:16:44,573 - __main__ - INFO - Commands in tree before sync: 34
2025-07-18 14:16:44,574 - __main__ - INFO - Starting global command sync...
2025-07-18 14:16:44,574 - cog.rolereact - INFO - [DB] Chargement des r√©actions de r√¥les depuis la base de donn√©es...
2025-07-18 14:16:45,057 - asyncio - ERROR - Task was destroyed but it is pending!
task: <Task pending name='discord.py: on_ready' coro=<Client._run_event() done, defined at C:\Users\jawad\AppData\Local\Packages\PythonSoftwareFoundation.Python.3.11_qbz5n2kfra8p0\LocalCache\local-packages\Python311\site-packages\discord\client.py:473> wait_for=<Future pending cb=[Task.task_wakeup()]>>
2025-07-18 14:16:45,057 - __main__ - INFO - 34 commands synced globally
2025-07-18 14:16:45,057 - __main__ - INFO - Commands will be available in all servers within a few minutes
2025-07-18 14:16:45,057 - __main__ - INFO - Bot startup completed successfully
2025-07-18 14:16:45,058 - cog.rolereact - INFO - [DB] 10 configurations charg√©es.
2025-07-18 14:20:02,176 - cache - INFO - All caches cleared
2025-07-18 14:24:03,089 - __main__ - INFO - Configuration loaded successfully
2025-07-18 14:24:03,089 - services - INFO - Service container initialized
2025-07-18 14:24:03,090 - cache - INFO - Cache directory created/verified: cache_data
2025-07-18 14:24:03,090 - cache - INFO - Loaded 0 cache entries from cache_data\leaderboards.json
2025-07-18 14:24:03,090 - monitoring - INFO - Health check system initialized
2025-07-18 14:24:03,090 - monitoring - INFO - Monitoring system initialized
2025-07-18 14:24:03,112 - cog.rolereact - INFO - Initialisation de RoleReact Cog
2025-07-18 14:24:03,112 - cog.rolereact - INFO - Cog RoleReact charg√© avec succ√®s
2025-07-18 14:24:03,114 - cog.config - INFO - Config cog initialized
2025-07-18 14:24:03,117 - discord.client - INFO - logging in using static token
2025-07-18 14:24:03,797 - __main__ - INFO - Database connected successfully
2025-07-18 14:24:05,823 - __main__ - INFO - Database tables initialized
2025-07-18 14:24:05,823 - __main__ - INFO - Language preferences loaded from database
2025-07-18 14:24:05,823 - monitoring - INFO - Health monitoring started with 60s interval
2025-07-18 14:24:05,823 - __main__ - INFO - Health monitoring started
2025-07-18 14:24:07,540 - discord.gateway - INFO - Shard ID None has connected to Gateway (Session ID: dab9a5e8af5d4a44211e7ff502192368).
2025-07-18 14:24:09,557 - __main__ - INFO - Bot is ready as Maybee#4948
2025-07-18 14:24:09,557 - __main__ - INFO - Connected to 3 server(s):
2025-07-18 14:24:09,557 - __main__ - INFO -   - Emojis (ID: 1160917499936772217)
2025-07-18 14:24:09,558 - __main__ - INFO -   - L'Aquarium ? (ID: 1223343817264992317)
2025-07-18 14:24:09,558 - __main__ - INFO -   - OuiOui (ID: 1392463988679508030)
2025-07-18 14:24:09,558 - __main__ - INFO - Cache system initialized
2025-07-18 14:24:09,558 - __main__ - INFO - Commands in tree before sync: 32
2025-07-18 14:24:09,558 - __main__ - INFO - Starting global command sync...
2025-07-18 14:24:09,560 - cog.rolereact - INFO - [DB] Chargement des r√©actions de r√¥les depuis la base de donn√©es...
2025-07-18 14:24:09,880 - cog.rolereact - INFO - [DB] 10 configurations charg√©es.
2025-07-18 14:24:09,945 - __main__ - INFO - 32 commands synced globally
2025-07-18 14:24:09,945 - __main__ - INFO - Commands will be available in all servers within a few minutes
2025-07-18 14:24:09,946 - __main__ - INFO - Bot startup completed successfully
2025-07-18 14:25:35,534 - __main__ - INFO - Configuration loaded successfully
2025-07-18 14:25:35,535 - services - INFO - Service container initialized
2025-07-18 14:25:35,535 - cache - INFO - Cache directory created/verified: cache_data
2025-07-18 14:25:35,535 - cache - INFO - Loaded 0 cache entries from cache_data\leaderboards.json
2025-07-18 14:25:35,535 - monitoring - INFO - Health check system initialized
2025-07-18 14:25:35,535 - monitoring - INFO - Monitoring system initialized
2025-07-18 14:25:35,549 - cog.rolereact - INFO - Initialisation de RoleReact Cog
2025-07-18 14:25:35,549 - cog.rolereact - INFO - Cog RoleReact charg√© avec succ√®s
2025-07-18 14:25:35,550 - cog.config - INFO - Config cog initialized
2025-07-18 14:25:35,552 - discord.client - INFO - logging in using static token
2025-07-18 14:25:36,249 - __main__ - INFO - Database connected successfully
2025-07-18 14:25:38,061 - __main__ - INFO - Database tables initialized
2025-07-18 14:25:38,061 - __main__ - INFO - Language preferences loaded from database
2025-07-18 14:25:38,061 - monitoring - INFO - Health monitoring started with 60s interval
2025-07-18 14:25:38,061 - __main__ - INFO - Health monitoring started
2025-07-18 14:25:39,725 - discord.gateway - INFO - Shard ID None has connected to Gateway (Session ID: 4d51f9651998a7e6a245439e5d6f04d3).
2025-07-18 14:25:41,755 - __main__ - INFO - Bot is ready as Maybee#4948
2025-07-18 14:25:41,755 - __main__ - INFO - Connected to 3 server(s):
2025-07-18 14:25:41,755 - __main__ - INFO -   - Emojis (ID: 1160917499936772217)
2025-07-18 14:25:41,755 - __main__ - INFO -   - L'Aquarium ? (ID: 1223343817264992317)
2025-07-18 14:25:41,755 - __main__ - INFO -   - OuiOui (ID: 1392463988679508030)
2025-07-18 14:25:41,755 - __main__ - INFO - Cache system initialized
2025-07-18 14:25:41,755 - __main__ - INFO - Commands in tree before sync: 32
2025-07-18 14:25:41,755 - __main__ - INFO - Starting global command sync...
2025-07-18 14:25:41,756 - cog.rolereact - INFO - [DB] Chargement des r√©actions de r√¥les depuis la base de donn√©es...
2025-07-18 14:25:42,069 - cog.rolereact - INFO - [DB] 10 configurations charg√©es.
2025-07-18 14:25:42,158 - __main__ - INFO - 32 commands synced globally
2025-07-18 14:25:42,158 - __main__ - INFO - Commands will be available in all servers within a few minutes
2025-07-18 14:25:42,159 - __main__ - INFO - Bot startup completed successfully
2025-07-18 15:20:12,863 - cog.rolereact - INFO - R√©action ajout√©e d√©tect√©e: ‚ù§Ô∏è
2025-07-18 16:15:56,211 - discord.gateway - INFO - Shard ID None has successfully RESUMED session 4d51f9651998a7e6a245439e5d6f04d3.
2025-07-18 16:26:24,896 - __main__ - INFO - Configuration loaded successfully
2025-07-18 16:26:24,896 - services - INFO - Service container initialized
2025-07-18 16:26:24,896 - cache - INFO - Cache directory created/verified: cache_data
2025-07-18 16:26:24,897 - cache - INFO - Loaded 0 cache entries from cache_data\leaderboards.json
2025-07-18 16:26:24,897 - monitoring - INFO - Health check system initialized
2025-07-18 16:26:24,897 - monitoring - INFO - Monitoring system initialized
2025-07-18 16:26:24,919 - cog.rolereact - INFO - Initialisation de RoleReact Cog
2025-07-18 16:26:24,919 - cog.rolereact - INFO - Cog RoleReact charg√© avec succ√®s
2025-07-18 16:26:24,922 - cog.config - INFO - Config cog initialized
2025-07-18 16:26:24,924 - discord.client - INFO - logging in using static token
2025-07-18 16:26:25,953 - __main__ - INFO - Database connected successfully
2025-07-18 16:26:28,060 - __main__ - INFO - Database tables initialized
2025-07-18 16:26:28,061 - __main__ - INFO - Language preferences loaded from database
2025-07-18 16:26:28,061 - monitoring - INFO - Health monitoring started with 60s interval
2025-07-18 16:26:28,061 - __main__ - INFO - Health monitoring started
2025-07-18 16:26:29,613 - discord.gateway - INFO - Shard ID None has connected to Gateway (Session ID: bb6535e1641789a05b232721e0500295).
2025-07-18 16:26:31,670 - __main__ - INFO - Bot is ready as Maybee#4948
2025-07-18 16:26:31,670 - __main__ - INFO - Connected to 3 server(s):
2025-07-18 16:26:31,670 - __main__ - INFO -   - Emojis (ID: 1160917499936772217)
2025-07-18 16:26:31,670 - __main__ - INFO -   - L'Aquarium ? (ID: 1223343817264992317)
2025-07-18 16:26:31,670 - __main__ - INFO -   - OuiOui (ID: 1392463988679508030)
2025-07-18 16:26:31,670 - __main__ - INFO - Cache system initialized
2025-07-18 16:26:31,670 - __main__ - INFO - Commands in tree before sync: 32
2025-07-18 16:26:31,670 - __main__ - INFO - Starting global command sync...
2025-07-18 16:26:31,672 - cog.rolereact - INFO - [DB] Chargement des r√©actions de r√¥les depuis la base de donn√©es...
2025-07-18 16:26:32,190 - __main__ - INFO - 32 commands synced globally
2025-07-18 16:26:32,191 - __main__ - INFO - Commands will be available in all servers within a few minutes
2025-07-18 16:26:32,191 - __main__ - INFO - Bot startup completed successfully
2025-07-18 16:26:32,496 - cog.rolereact - INFO - [DB] 10 configurations charg√©es.
2025-07-18 16:32:46,207 - __main__ - INFO - Configuration loaded successfully
2025-07-18 16:32:46,208 - services - INFO - Service container initialized
2025-07-18 16:32:46,208 - cache - INFO - Cache directory created/verified: cache_data
2025-07-18 16:32:46,208 - cache - INFO - Loaded 0 cache entries from cache_data\leaderboards.json
2025-07-18 16:32:46,208 - monitoring - INFO - Health check system initialized
2025-07-18 16:32:46,208 - monitoring - INFO - Monitoring system initialized
2025-07-18 16:32:46,244 - cog.rolereact - INFO - Initialisation de RoleReact Cog
2025-07-18 16:32:46,244 - cog.rolereact - INFO - Cog RoleReact charg√© avec succ√®s
2025-07-18 16:32:46,246 - cog.config - INFO - Config cog initialized
2025-07-18 16:32:46,250 - discord.client - INFO - logging in using static token
2025-07-18 16:32:47,064 - __main__ - INFO - Database connected successfully
2025-07-18 16:32:48,968 - __main__ - INFO - Database tables initialized
2025-07-18 16:32:48,968 - __main__ - INFO - Language preferences loaded from database
2025-07-18 16:32:48,968 - monitoring - INFO - Health monitoring started with 60s interval
2025-07-18 16:32:48,969 - __main__ - INFO - Health monitoring started
2025-07-18 16:32:50,659 - discord.gateway - INFO - Shard ID None has connected to Gateway (Session ID: b43c71ab24fcd12fb0f00cb1abe7eb0c).
2025-07-18 16:32:52,680 - __main__ - INFO - Bot is ready as Maybee#4948
2025-07-18 16:32:52,680 - __main__ - INFO - Connected to 3 server(s):
2025-07-18 16:32:52,680 - __main__ - INFO -   - Emojis (ID: 1160917499936772217)
2025-07-18 16:32:52,680 - __main__ - INFO -   - L'Aquarium ? (ID: 1223343817264992317)
2025-07-18 16:32:52,680 - __main__ - INFO -   - OuiOui (ID: 1392463988679508030)
2025-07-18 16:32:52,680 - __main__ - INFO - Cache system initialized
2025-07-18 16:32:52,680 - __main__ - INFO - Commands in tree before sync: 32
2025-07-18 16:32:52,680 - __main__ - INFO - Starting global command sync...
2025-07-18 16:32:52,682 - cog.rolereact - INFO - [DB] Chargement des r√©actions de r√¥les depuis la base de donn√©es...
2025-07-18 16:32:52,984 - cog.rolereact - INFO - [DB] 10 configurations charg√©es.
2025-07-18 16:32:53,034 - __main__ - INFO - 32 commands synced globally
2025-07-18 16:32:53,034 - __main__ - INFO - Commands will be available in all servers within a few minutes
2025-07-18 16:32:53,034 - __main__ - INFO - Bot startup completed successfully
2025-07-18 16:36:22,656 - __main__ - INFO - Configuration loaded successfully
2025-07-18 16:36:22,656 - services - INFO - Service container initialized
2025-07-18 16:36:22,656 - cache - INFO - Cache directory created/verified: cache_data
2025-07-18 16:36:22,658 - cache - INFO - Loaded 0 cache entries from cache_data\leaderboards.json
2025-07-18 16:36:22,658 - monitoring - INFO - Health check system initialized
2025-07-18 16:36:22,658 - monitoring - INFO - Monitoring system initialized
2025-07-18 16:36:22,676 - cog.rolereact - INFO - Initialisation de RoleReact Cog
2025-07-18 16:36:22,676 - cog.rolereact - INFO - Cog RoleReact charg√© avec succ√®s
2025-07-18 16:36:22,678 - cog.config - INFO - Config cog initialized
2025-07-18 16:36:22,681 - discord.client - INFO - logging in using static token
2025-07-18 16:36:23,394 - __main__ - INFO - Database connected successfully
2025-07-18 16:36:25,217 - __main__ - INFO - Database tables initialized
2025-07-18 16:36:25,217 - __main__ - INFO - Language preferences loaded from database
2025-07-18 16:36:25,217 - monitoring - INFO - Health monitoring started with 60s interval
2025-07-18 16:36:25,217 - __main__ - INFO - Health monitoring started
2025-07-18 16:36:26,697 - discord.gateway - INFO - Shard ID None has connected to Gateway (Session ID: 6d557eda3230b6e4421b258ca4156e7f).
2025-07-18 16:36:28,739 - __main__ - INFO - Bot is ready as Maybee#4948
2025-07-18 16:36:28,739 - __main__ - INFO - Connected to 3 server(s):
2025-07-18 16:36:28,739 - __main__ - INFO -   - Emojis (ID: 1160917499936772217)
2025-07-18 16:36:28,739 - __main__ - INFO -   - L'Aquarium ? (ID: 1223343817264992317)
2025-07-18 16:36:28,739 - __main__ - INFO -   - OuiOui (ID: 1392463988679508030)
2025-07-18 16:36:28,740 - __main__ - INFO - Cache system initialized
2025-07-18 16:36:28,740 - __main__ - INFO - Commands in tree before sync: 32
2025-07-18 16:36:28,740 - __main__ - INFO - Starting global command sync...
2025-07-18 16:36:28,741 - cog.rolereact - INFO - [DB] Chargement des r√©actions de r√¥les depuis la base de donn√©es...
2025-07-18 16:36:29,043 - cog.rolereact - INFO - [DB] 10 configurations charg√©es.
2025-07-18 16:36:29,233 - __main__ - INFO - 32 commands synced globally
2025-07-18 16:36:29,233 - __main__ - INFO - Commands will be available in all servers within a few minutes
2025-07-18 16:36:29,233 - __main__ - INFO - Bot startup completed successfully
2025-07-18 16:40:01,597 - cog.rolereact - INFO - R√©action ajout√©e d√©tect√©e: ‚úÖ
2025-07-18 16:56:47,387 - monitoring - WARNING - High memory usage: 91.7%
2025-07-18 17:09:00,413 - monitoring - WARNING - High CPU usage: 100.0%
2025-07-18 17:10:02,290 - monitoring - WARNING - High memory usage: 90.6%
2025-07-18 17:11:03,339 - monitoring - WARNING - High memory usage: 91.3%
2025-07-18 17:12:04,554 - monitoring - WARNING - High memory usage: 96.7%
2025-07-18 17:13:05,620 - monitoring - WARNING - High memory usage: 95.3%
2025-07-18 17:14:06,662 - monitoring - WARNING - High memory usage: 96.3%
2025-07-18 17:17:09,860 - monitoring - WARNING - High memory usage: 95.1%
2025-07-18 17:18:10,915 - monitoring - WARNING - High memory usage: 94.4%
2025-07-18 17:19:11,970 - monitoring - WARNING - High memory usage: 93.7%
2025-07-18 17:20:13,035 - monitoring - WARNING - High memory usage: 94.5%
2025-07-18 17:21:14,099 - monitoring - WARNING - High memory usage: 92.5%
2025-07-18 17:22:15,152 - monitoring - WARNING - High memory usage: 93.2%
2025-07-18 17:23:16,198 - monitoring - WARNING - High memory usage: 94.9%
2025-07-18 17:24:15,992 - cog.rolereact - INFO - R√©action ajout√©e d√©tect√©e: üòÇ
2025-07-18 17:24:17,256 - monitoring - WARNING - High memory usage: 93.8%
2025-07-18 17:25:18,325 - monitoring - WARNING - High memory usage: 91.8%
2025-07-18 17:26:19,378 - monitoring - WARNING - High memory usage: 92.5%
2025-07-18 17:27:20,430 - monitoring - WARNING - High memory usage: 93.8%
2025-07-18 17:28:21,491 - monitoring - WARNING - High memory usage: 94.8%
2025-07-18 17:29:22,632 - monitoring - WARNING - High memory usage: 93.6%
2025-07-18 17:30:23,690 - monitoring - WARNING - High memory usage: 93.9%
2025-07-18 17:31:24,780 - monitoring - WARNING - High memory usage: 96.2%
2025-07-18 17:32:25,975 - monitoring - WARNING - High memory usage: 93.8%
2025-07-18 17:33:27,033 - monitoring - WARNING - High memory usage: 93.7%
2025-07-18 17:34:28,082 - monitoring - WARNING - High memory usage: 94.0%
2025-07-18 17:35:29,122 - monitoring - WARNING - High memory usage: 94.6%
2025-07-18 17:36:30,176 - monitoring - WARNING - High memory usage: 94.3%
2025-07-18 17:37:31,305 - monitoring - WARNING - High memory usage: 90.9%
2025-07-18 17:38:32,422 - monitoring - WARNING - High memory usage: 94.0%
2025-07-18 17:39:33,476 - monitoring - WARNING - High memory usage: 94.6%
2025-07-18 17:41:35,595 - monitoring - WARNING - High memory usage: 93.1%
2025-07-18 17:42:36,653 - monitoring - WARNING - High memory usage: 94.1%
2025-07-18 17:43:37,696 - monitoring - WARNING - High memory usage: 93.4%
2025-07-18 17:44:38,740 - monitoring - WARNING - High memory usage: 93.4%
2025-07-18 17:45:39,791 - monitoring - WARNING - High memory usage: 93.4%
2025-07-18 17:46:40,939 - monitoring - WARNING - High memory usage: 94.6%
2025-07-18 17:47:42,064 - monitoring - WARNING - High memory usage: 90.2%
2025-07-18 17:48:43,130 - monitoring - WARNING - High memory usage: 90.6%
2025-07-18 17:49:44,197 - monitoring - WARNING - High memory usage: 91.7%
2025-07-18 17:50:45,278 - monitoring - WARNING - High memory usage: 92.8%
2025-07-18 17:51:46,333 - monitoring - WARNING - High memory usage: 93.7%
2025-07-18 17:52:47,401 - monitoring - WARNING - High memory usage: 93.9%
2025-07-18 17:53:48,446 - monitoring - WARNING - High memory usage: 92.0%
2025-07-18 17:54:49,501 - monitoring - WARNING - High memory usage: 94.5%
2025-07-18 17:55:50,560 - monitoring - WARNING - High memory usage: 92.6%
2025-07-18 17:56:51,610 - monitoring - WARNING - High memory usage: 92.2%
2025-07-18 17:57:52,775 - monitoring - WARNING - High memory usage: 93.4%
2025-07-18 17:58:53,822 - monitoring - WARNING - High memory usage: 93.0%
2025-07-18 17:59:54,866 - monitoring - WARNING - High memory usage: 93.8%
2025-07-18 18:00:55,932 - monitoring - WARNING - High memory usage: 92.2%
2025-07-18 18:01:56,989 - monitoring - WARNING - High memory usage: 91.7%
2025-07-18 18:02:58,051 - monitoring - WARNING - High memory usage: 93.4%
2025-07-18 18:03:59,119 - monitoring - WARNING - High memory usage: 93.5%
2025-07-18 18:05:00,167 - monitoring - WARNING - High memory usage: 91.2%
2025-07-18 18:06:01,238 - monitoring - WARNING - High memory usage: 92.9%
2025-07-18 18:07:02,294 - monitoring - WARNING - High memory usage: 92.9%
2025-07-18 18:08:03,391 - monitoring - WARNING - High memory usage: 94.6%
2025-07-18 18:09:04,510 - monitoring - WARNING - High memory usage: 96.5%
2025-07-18 18:10:05,556 - monitoring - WARNING - High memory usage: 93.6%
2025-07-18 18:11:06,615 - monitoring - WARNING - High memory usage: 93.6%
2025-07-18 18:12:07,668 - monitoring - WARNING - High memory usage: 95.1%
2025-07-18 18:13:08,721 - monitoring - WARNING - High memory usage: 95.5%
2025-07-18 18:14:09,759 - monitoring - WARNING - High memory usage: 94.4%
2025-07-18 18:15:10,837 - monitoring - WARNING - High memory usage: 94.6%
2025-07-18 18:16:11,939 - monitoring - WARNING - High memory usage: 95.2%
2025-07-18 18:17:13,002 - monitoring - WARNING - High memory usage: 96.8%
2025-07-18 18:18:14,038 - monitoring - WARNING - High memory usage: 96.4%
2025-07-18 18:19:15,089 - monitoring - WARNING - High memory usage: 95.7%
2025-07-18 18:20:16,143 - monitoring - WARNING - High memory usage: 94.9%
2025-07-18 18:21:17,200 - monitoring - WARNING - High memory usage: 94.8%
2025-07-18 18:22:18,320 - monitoring - WARNING - High memory usage: 96.3%
2025-07-18 18:23:19,372 - monitoring - WARNING - High memory usage: 96.1%
2025-07-18 18:24:20,417 - monitoring - WARNING - High memory usage: 96.0%
2025-07-18 18:31:27,860 - monitoring - WARNING - High memory usage: 91.5%
2025-07-18 18:32:29,053 - monitoring - WARNING - High memory usage: 91.8%
2025-07-18 18:33:30,100 - monitoring - WARNING - High memory usage: 92.2%
2025-07-18 18:34:31,151 - monitoring - WARNING - High memory usage: 91.9%
2025-07-18 18:36:33,260 - monitoring - WARNING - High memory usage: 92.2%
2025-07-18 18:37:34,306 - monitoring - WARNING - High memory usage: 90.9%
2025-07-18 18:38:35,353 - monitoring - WARNING - High memory usage: 92.9%
2025-07-18 18:39:36,414 - monitoring - WARNING - High memory usage: 93.3%
2025-07-18 18:40:37,464 - monitoring - WARNING - High memory usage: 92.9%
2025-07-18 18:41:38,526 - monitoring - WARNING - High memory usage: 93.4%
2025-07-18 18:42:39,594 - monitoring - WARNING - High memory usage: 96.1%
2025-07-18 18:43:40,652 - monitoring - WARNING - High memory usage: 96.0%
2025-07-18 18:44:41,756 - monitoring - WARNING - High memory usage: 90.6%
2025-07-18 18:46:43,873 - monitoring - WARNING - High memory usage: 92.1%
2025-07-18 18:47:44,924 - monitoring - WARNING - High memory usage: 93.9%
2025-07-18 18:48:45,974 - monitoring - WARNING - High memory usage: 92.9%
2025-07-18 18:49:47,032 - monitoring - WARNING - High memory usage: 93.9%
2025-07-18 18:50:48,076 - monitoring - WARNING - High memory usage: 93.8%
2025-07-18 18:51:49,129 - monitoring - WARNING - High memory usage: 94.7%
2025-07-18 18:52:50,188 - monitoring - WARNING - High memory usage: 94.3%
2025-07-18 18:53:51,227 - monitoring - WARNING - High memory usage: 95.6%
2025-07-18 18:54:52,308 - monitoring - WARNING - High memory usage: 91.4%
2025-07-18 18:55:53,363 - monitoring - WARNING - High memory usage: 91.9%
2025-07-18 18:56:54,421 - monitoring - WARNING - High memory usage: 91.8%
2025-07-18 18:57:55,469 - monitoring - WARNING - High memory usage: 92.2%
2025-07-18 18:58:56,517 - monitoring - WARNING - High memory usage: 92.9%
2025-07-18 18:59:58,067 - monitoring - WARNING - High memory usage: 93.6%
2025-07-18 19:00:59,155 - monitoring - WARNING - High memory usage: 92.3%
2025-07-18 19:02:00,207 - monitoring - WARNING - High memory usage: 94.4%
2025-07-18 19:03:01,242 - monitoring - WARNING - High memory usage: 92.9%
2025-07-18 19:04:02,299 - monitoring - WARNING - High memory usage: 93.2%
2025-07-18 19:05:03,398 - monitoring - WARNING - High memory usage: 90.7%
2025-07-18 19:06:04,457 - monitoring - WARNING - High memory usage: 94.9%
2025-07-18 19:07:05,555 - monitoring - WARNING - High memory usage: 94.1%
2025-07-18 19:08:06,608 - monitoring - WARNING - High memory usage: 93.4%
2025-07-18 19:09:07,668 - monitoring - WARNING - High memory usage: 91.9%
2025-07-18 19:10:08,724 - monitoring - WARNING - High memory usage: 90.9%
2025-07-18 19:11:09,789 - monitoring - WARNING - High memory usage: 92.2%
2025-07-18 19:12:10,849 - monitoring - WARNING - High memory usage: 91.8%
2025-07-18 19:13:11,909 - monitoring - WARNING - High memory usage: 92.0%
2025-07-18 19:14:12,947 - monitoring - WARNING - High memory usage: 91.6%
2025-07-18 19:15:14,001 - monitoring - WARNING - High memory usage: 91.4%
2025-07-18 19:16:15,052 - monitoring - WARNING - High memory usage: 92.8%
2025-07-18 19:17:16,127 - monitoring - WARNING - High memory usage: 92.4%
2025-07-18 19:18:17,167 - monitoring - WARNING - High memory usage: 92.1%
2025-07-18 19:25:24,523 - monitoring - WARNING - High memory usage: 90.6%
2025-07-18 19:26:25,584 - monitoring - WARNING - High memory usage: 94.1%
2025-07-18 19:27:26,640 - monitoring - WARNING - High memory usage: 95.0%
2025-07-18 19:28:27,680 - monitoring - WARNING - High memory usage: 96.5%
2025-07-18 19:29:28,737 - monitoring - WARNING - High memory usage: 97.8%
2025-07-18 19:30:29,787 - monitoring - WARNING - High memory usage: 90.3%
2025-07-18 19:31:30,845 - monitoring - WARNING - High memory usage: 90.3%
2025-07-18 19:32:31,889 - monitoring - WARNING - High memory usage: 90.6%
2025-07-18 19:33:32,965 - monitoring - WARNING - High memory usage: 91.0%
2025-07-18 19:34:34,035 - monitoring - WARNING - High memory usage: 95.9%
2025-07-18 19:35:35,100 - monitoring - WARNING - High memory usage: 93.6%
2025-07-18 19:36:36,155 - monitoring - WARNING - High memory usage: 94.9%
2025-07-18 19:37:37,214 - monitoring - WARNING - High memory usage: 94.6%
2025-07-18 19:38:38,271 - monitoring - WARNING - High memory usage: 94.9%
2025-07-18 19:39:39,330 - monitoring - WARNING - High memory usage: 95.1%
2025-07-18 19:40:40,383 - monitoring - WARNING - High memory usage: 94.2%
2025-07-18 19:41:41,440 - monitoring - WARNING - High memory usage: 90.9%
2025-07-18 19:42:42,482 - monitoring - WARNING - High memory usage: 91.5%
2025-07-18 19:43:43,538 - monitoring - WARNING - High memory usage: 90.5%
2025-07-18 19:44:44,597 - monitoring - WARNING - High memory usage: 93.0%
2025-07-18 19:45:45,654 - monitoring - WARNING - High memory usage: 93.7%
2025-07-19 00:06:19,730 - __main__ - INFO - Configuration loaded successfully
2025-07-19 00:06:19,731 - services - INFO - Service container initialized
2025-07-19 00:06:19,731 - cache - INFO - Cache directory created/verified: cache_data
2025-07-19 00:06:19,732 - cache - INFO - Loaded 0 cache entries from cache_data\leaderboards.json
2025-07-19 00:06:19,732 - monitoring - INFO - Health check system initialized
2025-07-19 00:06:19,732 - monitoring - INFO - Monitoring system initialized
2025-07-19 00:06:19,828 - cog.rolereact - INFO - Initialisation de RoleReact Cog
2025-07-19 00:06:19,828 - cog.rolereact - INFO - Cog RoleReact charg√© avec succ√®s
2025-07-19 00:06:19,860 - cog.config - INFO - Config cog initialized
2025-07-19 00:06:19,893 - discord.client - INFO - logging in using static token
2025-07-19 00:06:21,508 - __main__ - INFO - Database connected successfully
2025-07-19 00:06:23,465 - __main__ - INFO - Database tables initialized
2025-07-19 00:06:23,465 - __main__ - INFO - Language preferences loaded from database
2025-07-19 00:06:23,465 - monitoring - INFO - Health monitoring started with 60s interval
2025-07-19 00:06:23,465 - __main__ - INFO - Health monitoring started
2025-07-19 00:06:25,505 - discord.gateway - INFO - Shard ID None has connected to Gateway (Session ID: fdcbf3d8304d80e1b6c953ff18ee310d).
2025-07-19 00:06:27,560 - __main__ - INFO - Bot is ready as Maybee#4948
2025-07-19 00:06:27,560 - __main__ - INFO - Connected to 3 server(s):
2025-07-19 00:06:27,560 - __main__ - INFO -   - Emojis (ID: 1160917499936772217)
2025-07-19 00:06:27,560 - __main__ - INFO -   - L'Aquarium ? (ID: 1223343817264992317)
2025-07-19 00:06:27,560 - __main__ - INFO -   - OuiOui (ID: 1392463988679508030)
2025-07-19 00:06:27,560 - __main__ - INFO - Cache system initialized
2025-07-19 00:06:27,560 - __main__ - INFO - Commands in tree before sync: 32
2025-07-19 00:06:27,560 - __main__ - INFO - Starting global command sync...
2025-07-19 00:06:27,561 - cog.rolereact - INFO - [DB] Chargement des r√©actions de r√¥les depuis la base de donn√©es...
2025-07-19 00:06:27,894 - asyncio - ERROR - Task was destroyed but it is pending!
task: <Task pending name='discord.py: on_ready' coro=<Client._run_event() done, defined at C:\Users\jawad\AppData\Local\Packages\PythonSoftwareFoundation.Python.3.11_qbz5n2kfra8p0\LocalCache\local-packages\Python311\site-packages\discord\client.py:433> wait_for=<Future pending cb=[Task.task_wakeup()]>>
2025-07-19 00:06:27,894 - __main__ - INFO - 32 commands synced globally
2025-07-19 00:06:27,894 - __main__ - INFO - Commands will be available in all servers within a few minutes
2025-07-19 00:06:27,894 - __main__ - INFO - Bot startup completed successfully
2025-07-19 00:06:27,895 - cog.rolereact - INFO - [DB] 10 configurations charg√©es.
2025-07-19 00:09:36,563 - cog.rolereact - INFO - R√©action ajout√©e d√©tect√©e: ü§£
2025-07-19 00:09:39,629 - cog.rolereact - INFO - R√©action ajout√©e d√©tect√©e: ‚ù§Ô∏è
2025-07-19 00:09:51,921 - __main__ - INFO - Configuration loaded successfully
2025-07-19 00:09:51,922 - services - INFO - Service container initialized
2025-07-19 00:09:51,922 - cache - INFO - Cache directory created/verified: cache_data
2025-07-19 00:09:51,923 - cache - INFO - Loaded 0 cache entries from cache_data\leaderboards.json
2025-07-19 00:09:51,923 - monitoring - INFO - Health check system initialized
2025-07-19 00:09:51,923 - monitoring - INFO - Monitoring system initialized
2025-07-19 00:09:51,950 - cog.rolereact - INFO - Initialisation de RoleReact Cog
2025-07-19 00:09:51,950 - cog.rolereact - INFO - Cog RoleReact charg√© avec succ√®s
2025-07-19 00:09:51,959 - cog.config - INFO - Config cog initialized
2025-07-19 00:09:51,967 - discord.client - INFO - logging in using static token
2025-07-19 00:09:53,272 - __main__ - INFO - Database connected successfully
2025-07-19 00:09:57,146 - cog.rolereact - INFO - R√©action ajout√©e d√©tect√©e: üòÇ
2025-07-19 00:09:57,517 - __main__ - INFO - Database tables initialized
2025-07-19 00:09:57,517 - __main__ - INFO - Language preferences loaded from database
2025-07-19 00:09:57,518 - monitoring - INFO - Health monitoring started with 60s interval
2025-07-19 00:09:57,518 - __main__ - INFO - Health monitoring started
2025-07-19 00:09:58,990 - discord.gateway - INFO - Shard ID None has connected to Gateway (Session ID: cabf076ccea59212de4d002c22fb9d2b).
2025-07-19 00:10:01,010 - __main__ - INFO - Bot is ready as Maybee#4948
2025-07-19 00:10:01,010 - __main__ - INFO - Connected to 3 server(s):
2025-07-19 00:10:01,010 - __main__ - INFO -   - Emojis (ID: 1160917499936772217)
2025-07-19 00:10:01,010 - __main__ - INFO -   - L'Aquarium ? (ID: 1223343817264992317)
2025-07-19 00:10:01,010 - __main__ - INFO -   - OuiOui (ID: 1392463988679508030)
2025-07-19 00:10:01,010 - __main__ - INFO - Cache system initialized
2025-07-19 00:10:01,011 - __main__ - INFO - Commands in tree before sync: 32
2025-07-19 00:10:01,011 - __main__ - INFO - Starting global command sync...
2025-07-19 00:10:01,011 - cog.rolereact - INFO - [DB] Chargement des r√©actions de r√¥les depuis la base de donn√©es...
2025-07-19 00:10:01,446 - __main__ - INFO - 32 commands synced globally
2025-07-19 00:10:01,446 - __main__ - INFO - Commands will be available in all servers within a few minutes
2025-07-19 00:10:01,446 - __main__ - INFO - Bot startup completed successfully
2025-07-19 00:10:01,853 - cog.rolereact - INFO - [DB] 10 configurations charg√©es.
2025-07-19 00:19:08,026 - monitoring - WARNING - High memory usage: 91.8%
2025-07-19 13:49:00,101 - __main__ - INFO - Configuration loaded successfully
2025-07-19 13:49:00,101 - services - INFO - Service container initialized
2025-07-19 13:49:00,103 - cache - INFO - Cache directory created/verified: cache_data
2025-07-19 13:49:00,103 - cache - INFO - Loaded 0 cache entries from cache_data\leaderboards.json
2025-07-19 13:49:00,103 - monitoring - INFO - Health check system initialized
2025-07-19 13:49:00,103 - monitoring - INFO - Monitoring system initialized
2025-07-19 13:49:00,191 - cog.rolereact - INFO - Initialisation de RoleReact Cog
2025-07-19 13:49:00,191 - cog.rolereact - INFO - Cog RoleReact charg√© avec succ√®s
2025-07-19 13:49:00,210 - cog.config - INFO - Config cog initialized
2025-07-19 13:49:00,232 - discord.client - INFO - logging in using static token
2025-07-19 13:49:01,202 - __main__ - INFO - Database connected successfully
2025-07-19 13:49:03,014 - __main__ - INFO - Database tables initialized
2025-07-19 13:49:03,014 - __main__ - INFO - Language preferences loaded from database
2025-07-19 13:49:03,014 - monitoring - INFO - Health monitoring started with 60s interval
2025-07-19 13:49:03,014 - __main__ - INFO - Health monitoring started
2025-07-19 13:49:04,530 - discord.gateway - INFO - Shard ID None has connected to Gateway (Session ID: eb657e6fccc13d5e7a454350dc94743c).
2025-07-19 13:49:06,666 - __main__ - INFO - Bot is ready as Maybee#4948
2025-07-19 13:49:06,666 - __main__ - INFO - Connected to 3 server(s):
2025-07-19 13:49:06,666 - __main__ - INFO -   - Emojis (ID: 1160917499936772217)
2025-07-19 13:49:06,666 - __main__ - INFO -   - L'Aquarium ? (ID: 1223343817264992317)
2025-07-19 13:49:06,666 - __main__ - INFO -   - OuiOui (ID: 1392463988679508030)
2025-07-19 13:49:06,666 - __main__ - INFO - Cache system initialized
2025-07-19 13:49:06,667 - __main__ - INFO - Commands in tree before sync: 32
2025-07-19 13:49:06,667 - __main__ - INFO - Starting global command sync...
2025-07-19 13:49:06,668 - cog.rolereact - INFO - [DB] Chargement des r√©actions de r√¥les depuis la base de donn√©es...
2025-07-19 13:49:06,898 - cog.rolereact - INFO - [DB] 2 configurations charg√©es.
2025-07-19 13:49:07,028 - __main__ - INFO - 32 commands synced globally
2025-07-19 13:49:07,028 - __main__ - INFO - Commands will be available in all servers within a few minutes
2025-07-19 13:49:07,028 - __main__ - INFO - Bot startup completed successfully
